Using pre-set license
Built from '2021.1/staging' branch; Version is '2021.1.7f1 (d91830b65d9b) revision 14227504'; Using compiler version '192528614'; Build Type 'Release'
OS: 'Windows 10 Pro; OS build 19043.1237; Version 2009; 64bit' Language: 'ru' Physical Memory: 16332 MB
BatchMode: 1, IsHumanControllingUs: 0, StartBugReporterOnCrash: 0, Is64bit: 1, IsPro: 0

 COMMAND LINE ARGUMENTS:
G:\1\2021.1.7f1\Editor\Unity.exe
-adb2
-batchMode
-noUpm
-name
AssetImportWorker0
-projectPath
D:/Git/Space-Attack
-logFile
Logs/AssetImportWorker0.log
-srvPort
49956
Successfully changed project path to: D:/Git/Space-Attack
D:/Git/Space-Attack
Using Asset Import Pipeline V2.
Refreshing native plugins compatible for Editor in 145.61 ms, found 1 plugins.
Preloading 0 native plugins for Editor in 0.00 ms.
Initialize engine version: 2021.1.7f1 (d91830b65d9b)
[Subsystems] Discovering subsystems at path G:/1/2021.1.7f1/Editor/Data/Resources/UnitySubsystems
[Subsystems] Discovering subsystems at path D:/Git/Space-Attack/Assets
GfxDevice: creating device client; threaded=0; jobified=0
Direct3D:
    Version:  Direct3D 11.0 [level 11.1]
    Renderer: Radeon RX 570 Series (ID=0x67df)
    Vendor:   ATI
    VRAM:     8171 MB
    Driver:   27.20.12029.1000
Shader 'Universal Render Pipeline/Particles/Lit': fallback shader 'Universal Render Pipeline/Particles/SimpleLit' not found
Initialize mono
Mono path[0] = 'G:/1/2021.1.7f1/Editor/Data/Managed'
Mono path[1] = 'G:/1/2021.1.7f1/Editor/Data/MonoBleedingEdge/lib/mono/unityjit'
Mono config path = 'G:/1/2021.1.7f1/Editor/Data/MonoBleedingEdge/etc'
Using monoOptions --debugger-agent=transport=dt_socket,embedding=1,server=y,suspend=n,address=127.0.0.1:56460
Begin MonoManager ReloadAssembly
Registering precompiled unity dll's ...
Register platform support module: G:/1/2021.1.7f1/Editor/Data/PlaybackEngines/WindowsStandaloneSupport/UnityEditor.WindowsStandalone.Extensions.dll
Registered in 0.003391 seconds.
Native extension for WindowsStandalone target not found
Refreshing native plugins compatible for Editor in 141.85 ms, found 1 plugins.
Preloading 0 native plugins for Editor in 0.00 ms.
Mono: successfully reloaded assembly
- Completed reload, in  2.199 seconds
Platform modules already initialized, skipping
Registering precompiled user dll's ...
Registered in 0.006318 seconds.
Begin MonoManager ReloadAssembly
Native extension for WindowsStandalone target not found
Refreshing native plugins compatible for Editor in 127.38 ms, found 1 plugins.
Preloading 0 native plugins for Editor in 0.00 ms.
Mono: successfully reloaded assembly
- Completed reload, in  1.353 seconds
Platform modules already initialized, skipping
========================================================================
Worker process is ready to serve import requests
Shader 'Universal Render Pipeline/Particles/Lit': fallback shader 'Universal Render Pipeline/Particles/SimpleLit' not found
Launched and connected shader compiler UnityShaderCompiler.exe after 0.05 seconds
Refreshing native plugins compatible for Editor in 0.81 ms, found 1 plugins.
Preloading 0 native plugins for Editor in 0.00 ms.
Unloading 4102 Unused Serialized files (Serialized files now loaded: 0)
System memory in use before: 162.4 MB.
System memory in use after: 162.7 MB.

Unloading 16 unused Assets to reduce memory usage. Loaded Objects now: 4565.
Total: 2.876400 ms (FindLiveObjects: 0.374400 ms CreateObjectMapping: 0.113900 ms MarkObjects: 2.323300 ms  DeleteObjects: 0.063900 ms)

========================================================================
Received Import Request.
  path: Assets/SoundsFX/Выстрел из пистолета.mp3
  artifactKey: Guid(473dea9b24da7fe4aa09fd85713c2ed0) Importer(815301076,1909f56bfc062723c751e8b465ee728b)
Start importing Assets/SoundsFX/Выстрел из пистолета.mp3 using Guid(473dea9b24da7fe4aa09fd85713c2ed0) Importer(815301076,1909f56bfc062723c751e8b465ee728b)  -> (artifact id: '9e991b278a667b43732ba208f736e378') in 0.147309 seconds 
========================================================================
Received Import Request.
  Time since last request: 0.000383 seconds.
  path: Assets/SoundsFX/button.mp3
  artifactKey: Guid(2af0769b7fc41664a974e0d75d0553f5) Importer(815301076,1909f56bfc062723c751e8b465ee728b)
Start importing Assets/SoundsFX/button.mp3 using Guid(2af0769b7fc41664a974e0d75d0553f5) Importer(815301076,1909f56bfc062723c751e8b465ee728b)  -> (artifact id: '631750a88dd9746ae8c020136ec62e4a') in 0.009337 seconds 
========================================================================
Received Import Request.
  Time since last request: 0.000271 seconds.
  path: Assets/SoundsFX/death-sound.mp3
  artifactKey: Guid(dd58847cc0a69a94d86c4fb8bd530867) Importer(815301076,1909f56bfc062723c751e8b465ee728b)
Start importing Assets/SoundsFX/death-sound.mp3 using Guid(dd58847cc0a69a94d86c4fb8bd530867) Importer(815301076,1909f56bfc062723c751e8b465ee728b)  -> (artifact id: 'c6269f113c04b750124a43bc83eab0dd') in 0.008935 seconds 
========================================================================
Received Import Request.
  Time since last request: 0.000245 seconds.
  path: Assets/SoundsFX/Sounds.mixer
  artifactKey: Guid(c4691fac895ed3742bd753831a091b08) Importer(815301076,1909f56bfc062723c751e8b465ee728b)
Start importing Assets/SoundsFX/Sounds.mixer using Guid(c4691fac895ed3742bd753831a091b08) Importer(815301076,1909f56bfc062723c751e8b465ee728b)  -> (artifact id: '86b73b93a3e8907237759463d6b0f516') in 0.008337 seconds 
========================================================================
Received Import Request.
  Time since last request: 0.000234 seconds.
  path: Assets/SoundsFX/Выстрел ружья.mp3
  artifactKey: Guid(00e8c9441bb98144d8000d7e80ea2fdd) Importer(815301076,1909f56bfc062723c751e8b465ee728b)
Start importing Assets/SoundsFX/Выстрел ружья.mp3 using Guid(00e8c9441bb98144d8000d7e80ea2fdd) Importer(815301076,1909f56bfc062723c751e8b465ee728b)  -> (artifact id: '54da277cabcef85f0bc014bb5f16c949') in 0.010347 seconds 
========================================================================
Received Import Request.
  Time since last request: 11.234478 seconds.
  path: Assets/Shaders/Stylized Toon Curved.shadergraph
  artifactKey: Guid(a16ca0dc370760d468b01ef6787f99fc) Importer(815301076,1909f56bfc062723c751e8b465ee728b)
Start importing Assets/Shaders/Stylized Toon Curved.shadergraph using Guid(a16ca0dc370760d468b01ef6787f99fc) Importer(815301076,1909f56bfc062723c751e8b465ee728b)  -> (artifact id: '19c1927faaeb9cfabf8c63b4e7767053') in 0.005579 seconds 
========================================================================
Received Prepare
Registering precompiled user dll's ...
Registered in 0.005270 seconds.
Begin MonoManager ReloadAssembly
Native extension for WindowsStandalone target not found
Refreshing native plugins compatible for Editor in 1.28 ms, found 1 plugins.
Preloading 0 native plugins for Editor in 0.00 ms.
Mono: successfully reloaded assembly
- Completed reload, in  1.213 seconds
Platform modules already initialized, skipping
Switching build target platform(19) subTarget(0) extendedPlatform(0) -> platform(13) subTarget(537395200) extendedPlatform(0)
Shader 'Universal Render Pipeline/Particles/Lit': fallback shader 'Universal Render Pipeline/Particles/SimpleLit' not found
Refreshing native plugins compatible for Editor in 0.85 ms, found 1 plugins.
Preloading 0 native plugins for Editor in 0.00 ms.
Unloading 3995 Unused Serialized files (Serialized files now loaded: 0)
System memory in use before: 157.9 MB.
System memory in use after: 158.1 MB.

Unloading 11 unused Assets to reduce memory usage. Loaded Objects now: 4576.
Total: 3.351300 ms (FindLiveObjects: 0.342100 ms CreateObjectMapping: 0.102200 ms MarkObjects: 2.885400 ms  DeleteObjects: 0.020400 ms)

AssetImportParameters requested are different than current active one (requested -> active):
  custom:graphics/normal-map-encoding: 01000000000000000000000000000000 -> 02000000000000000000000000000000
========================================================================
Received Prepare
Registering precompiled user dll's ...
Registered in 0.004618 seconds.
Begin MonoManager ReloadAssembly
Native extension for WindowsStandalone target not found
Refreshing native plugins compatible for Editor in 0.76 ms, found 1 plugins.
Preloading 0 native plugins for Editor in 0.00 ms.
Mono: successfully reloaded assembly
- Completed reload, in  1.128 seconds
Platform modules already initialized, skipping
Switching build target platform(19) subTarget(0) extendedPlatform(0) -> platform(13) subTarget(537395200) extendedPlatform(0)
Shader 'Universal Render Pipeline/Particles/Lit': fallback shader 'Universal Render Pipeline/Particles/SimpleLit' not found
Refreshing native plugins compatible for Editor in 0.74 ms, found 1 plugins.
Preloading 0 native plugins for Editor in 0.00 ms.
Unloading 3995 Unused Serialized files (Serialized files now loaded: 0)
System memory in use before: 158.0 MB.
System memory in use after: 158.2 MB.

Unloading 11 unused Assets to reduce memory usage. Loaded Objects now: 4578.
Total: 2.745800 ms (FindLiveObjects: 0.417700 ms CreateObjectMapping: 0.206800 ms MarkObjects: 2.104000 ms  DeleteObjects: 0.016400 ms)

AssetImportParameters requested are different than current active one (requested -> active):
  custom:graphics/normal-map-encoding: 01000000000000000000000000000000 -> 02000000000000000000000000000000
========================================================================
Received Prepare
Registering precompiled user dll's ...
Registered in 0.005565 seconds.
Begin MonoManager ReloadAssembly
Native extension for WindowsStandalone target not found
Refreshing native plugins compatible for Editor in 1.10 ms, found 1 plugins.
Preloading 0 native plugins for Editor in 0.00 ms.
Mono: successfully reloaded assembly
- Completed reload, in  1.145 seconds
Platform modules already initialized, skipping
Switching build target platform(19) subTarget(0) extendedPlatform(0) -> platform(13) subTarget(537395200) extendedPlatform(0)
Shader 'Universal Render Pipeline/Particles/Lit': fallback shader 'Universal Render Pipeline/Particles/SimpleLit' not found
Refreshing native plugins compatible for Editor in 0.75 ms, found 1 plugins.
Preloading 0 native plugins for Editor in 0.00 ms.
Unloading 3995 Unused Serialized files (Serialized files now loaded: 0)
System memory in use before: 158.0 MB.
System memory in use after: 158.3 MB.

Unloading 11 unused Assets to reduce memory usage. Loaded Objects now: 4580.
Total: 2.636700 ms (FindLiveObjects: 0.337000 ms CreateObjectMapping: 0.106500 ms MarkObjects: 2.176300 ms  DeleteObjects: 0.015800 ms)

AssetImportParameters requested are different than current active one (requested -> active):
  custom:graphics/normal-map-encoding: 01000000000000000000000000000000 -> 02000000000000000000000000000000
========================================================================
Received Prepare
Registering precompiled user dll's ...
Registered in 0.005278 seconds.
Begin MonoManager ReloadAssembly
Native extension for WindowsStandalone target not found
Refreshing native plugins compatible for Editor in 0.94 ms, found 1 plugins.
Preloading 0 native plugins for Editor in 0.00 ms.
Mono: successfully reloaded assembly
- Completed reload, in  1.207 seconds
Platform modules already initialized, skipping
Switching build target platform(19) subTarget(0) extendedPlatform(0) -> platform(13) subTarget(537395200) extendedPlatform(0)
Shader 'Universal Render Pipeline/Particles/Lit': fallback shader 'Universal Render Pipeline/Particles/SimpleLit' not found
Refreshing native plugins compatible for Editor in 0.88 ms, found 1 plugins.
Preloading 0 native plugins for Editor in 0.00 ms.
Unloading 3995 Unused Serialized files (Serialized files now loaded: 0)
System memory in use before: 158.0 MB.
System memory in use after: 158.3 MB.

Unloading 11 unused Assets to reduce memory usage. Loaded Objects now: 4582.
Total: 2.852000 ms (FindLiveObjects: 0.362600 ms CreateObjectMapping: 0.110100 ms MarkObjects: 2.357900 ms  DeleteObjects: 0.020000 ms)

AssetImportParameters requested are different than current active one (requested -> active):
  custom:graphics/normal-map-encoding: 01000000000000000000000000000000 -> 02000000000000000000000000000000
========================================================================
Received Prepare
Registering precompiled user dll's ...
Registered in 0.005138 seconds.
Begin MonoManager ReloadAssembly
Native extension for WindowsStandalone target not found
Refreshing native plugins compatible for Editor in 0.76 ms, found 1 plugins.
Preloading 0 native plugins for Editor in 0.00 ms.
Mono: successfully reloaded assembly
- Completed reload, in  1.165 seconds
Platform modules already initialized, skipping
Switching build target platform(19) subTarget(0) extendedPlatform(0) -> platform(13) subTarget(537395200) extendedPlatform(0)
Shader 'Universal Render Pipeline/Particles/Lit': fallback shader 'Universal Render Pipeline/Particles/SimpleLit' not found
Refreshing native plugins compatible for Editor in 0.80 ms, found 1 plugins.
Preloading 0 native plugins for Editor in 0.00 ms.
Unloading 3995 Unused Serialized files (Serialized files now loaded: 0)
System memory in use before: 158.0 MB.
System memory in use after: 158.3 MB.

Unloading 11 unused Assets to reduce memory usage. Loaded Objects now: 4584.
Total: 2.566400 ms (FindLiveObjects: 0.333200 ms CreateObjectMapping: 0.103300 ms MarkObjects: 2.113400 ms  DeleteObjects: 0.015100 ms)

AssetImportParameters requested are different than current active one (requested -> active):
  custom:graphics/normal-map-encoding: 01000000000000000000000000000000 -> 02000000000000000000000000000000
========================================================================
Received Prepare
Registering precompiled user dll's ...
Registered in 0.005143 seconds.
Begin MonoManager ReloadAssembly
Native extension for WindowsStandalone target not found
Refreshing native plugins compatible for Editor in 0.79 ms, found 1 plugins.
Preloading 0 native plugins for Editor in 0.00 ms.
Mono: successfully reloaded assembly
- Completed reload, in  1.143 seconds
Platform modules already initialized, skipping
Switching build target platform(19) subTarget(0) extendedPlatform(0) -> platform(13) subTarget(537395200) extendedPlatform(0)
Shader 'Universal Render Pipeline/Particles/Lit': fallback shader 'Universal Render Pipeline/Particles/SimpleLit' not found
Refreshing native plugins compatible for Editor in 1.30 ms, found 1 plugins.
Preloading 0 native plugins for Editor in 0.00 ms.
Unloading 3995 Unused Serialized files (Serialized files now loaded: 0)
System memory in use before: 158.0 MB.
System memory in use after: 158.3 MB.

Unloading 11 unused Assets to reduce memory usage. Loaded Objects now: 4586.
Total: 2.825200 ms (FindLiveObjects: 0.429600 ms CreateObjectMapping: 0.120200 ms MarkObjects: 2.254400 ms  DeleteObjects: 0.019400 ms)

AssetImportParameters requested are different than current active one (requested -> active):
  custom:graphics/normal-map-encoding: 01000000000000000000000000000000 -> 02000000000000000000000000000000
