Using pre-set license
Built from '2021.1/staging' branch; Version is '2021.1.7f1 (d91830b65d9b) revision 14227504'; Using compiler version '192528614'; Build Type 'Release'
OS: 'Windows 10 Pro; OS build 19043.1237; Version 2009; 64bit' Language: 'ru' Physical Memory: 16332 MB
BatchMode: 1, IsHumanControllingUs: 0, StartBugReporterOnCrash: 0, Is64bit: 1, IsPro: 0

 COMMAND LINE ARGUMENTS:
G:\1\2021.1.7f1\Editor\Unity.exe
-adb2
-batchMode
-noUpm
-name
AssetImportWorker0
-projectPath
D:/Git/Space-Attack
-logFile
Logs/AssetImportWorker0.log
-srvPort
50224
Successfully changed project path to: D:/Git/Space-Attack
D:/Git/Space-Attack
Using Asset Import Pipeline V2.
Refreshing native plugins compatible for Editor in 132.55 ms, found 1 plugins.
Preloading 0 native plugins for Editor in 0.00 ms.
Initialize engine version: 2021.1.7f1 (d91830b65d9b)
[Subsystems] Discovering subsystems at path G:/1/2021.1.7f1/Editor/Data/Resources/UnitySubsystems
[Subsystems] Discovering subsystems at path D:/Git/Space-Attack/Assets
GfxDevice: creating device client; threaded=0; jobified=0
Direct3D:
    Version:  Direct3D 11.0 [level 11.1]
    Renderer: Radeon RX 570 Series (ID=0x67df)
    Vendor:   ATI
    VRAM:     8171 MB
    Driver:   27.20.12029.1000
Shader 'Universal Render Pipeline/Particles/Lit': fallback shader 'Universal Render Pipeline/Particles/SimpleLit' not found
Initialize mono
Mono path[0] = 'G:/1/2021.1.7f1/Editor/Data/Managed'
Mono path[1] = 'G:/1/2021.1.7f1/Editor/Data/MonoBleedingEdge/lib/mono/unityjit'
Mono config path = 'G:/1/2021.1.7f1/Editor/Data/MonoBleedingEdge/etc'
Using monoOptions --debugger-agent=transport=dt_socket,embedding=1,server=y,suspend=n,address=127.0.0.1:56564
Begin MonoManager ReloadAssembly
Registering precompiled unity dll's ...
Register platform support module: G:/1/2021.1.7f1/Editor/Data/PlaybackEngines/WindowsStandaloneSupport/UnityEditor.WindowsStandalone.Extensions.dll
Registered in 0.003126 seconds.
Native extension for WindowsStandalone target not found
Refreshing native plugins compatible for Editor in 125.78 ms, found 1 plugins.
Preloading 0 native plugins for Editor in 0.00 ms.
Mono: successfully reloaded assembly
- Completed reload, in  1.889 seconds
Platform modules already initialized, skipping
Registering precompiled user dll's ...
Registered in 0.003615 seconds.
Begin MonoManager ReloadAssembly
Symbol file LoadedFromMemory doesn't match image D:\Git\Space-Attack\Library\PackageCache\com.unity.visualscripting@1.6.1\Editor\VisualScripting.Core\Dependencies\YamlDotNet\Unity.VisualScripting.YamlDotNet.dll
Symbol file LoadedFromMemory doesn't match image D:\Git\Space-Attack\Library\PackageCache\com.unity.visualscripting@1.6.1\Editor\VisualScripting.Core\Dependencies\DotNetZip\Unity.VisualScripting.IonicZip.dll
Native extension for WindowsStandalone target not found
Refreshing native plugins compatible for Editor in 128.34 ms, found 1 plugins.
Preloading 0 native plugins for Editor in 0.00 ms.
Mono: successfully reloaded assembly
- Completed reload, in  1.344 seconds
Platform modules already initialized, skipping
========================================================================
Worker process is ready to serve import requests
Shader 'Universal Render Pipeline/Particles/Lit': fallback shader 'Universal Render Pipeline/Particles/SimpleLit' not found
Launched and connected shader compiler UnityShaderCompiler.exe after 0.05 seconds
Refreshing native plugins compatible for Editor in 0.80 ms, found 1 plugins.
Preloading 0 native plugins for Editor in 0.00 ms.
Unloading 4090 Unused Serialized files (Serialized files now loaded: 0)
System memory in use before: 160.6 MB.
System memory in use after: 160.8 MB.

Unloading 13 unused Assets to reduce memory usage. Loaded Objects now: 4549.
Total: 2.670300 ms (FindLiveObjects: 0.395400 ms CreateObjectMapping: 0.123900 ms MarkObjects: 2.086300 ms  DeleteObjects: 0.063300 ms)

========================================================================
Received Import Request.
  path: ProjectSettings/TagManager.asset
  artifactKey: Guid(00000000000000003000000000000000) Importer(815301076,1909f56bfc062723c751e8b465ee728b)
Start importing ProjectSettings/TagManager.asset using Guid(00000000000000003000000000000000) Importer(815301076,1909f56bfc062723c751e8b465ee728b)  -> (artifact id: 'fc42e30003074059bef8fb59cba1b257') in 0.034356 seconds 
========================================================================
Received Import Request.
  Time since last request: 153.373223 seconds.
  path: Assets/Prefabs/Characters/Enemy/TT_Soldiers.prefab
  artifactKey: Guid(5bf81c1e7c3fa764c9ad1ad61f333094) Importer(815301076,1909f56bfc062723c751e8b465ee728b)
Start importing Assets/Prefabs/Characters/Enemy/TT_Soldiers.prefab using Guid(5bf81c1e7c3fa764c9ad1ad61f333094) Importer(815301076,1909f56bfc062723c751e8b465ee728b)  -> (artifact id: 'e82cfaa1fe373fda3ee73c0e5fc1a7b8') in 0.295282 seconds 
========================================================================
Received Import Request.
  Time since last request: 4.508804 seconds.
  path: Assets/Prefabs/Characters/Enemy/TT_Soldiers.prefab
  artifactKey: Guid(5bf81c1e7c3fa764c9ad1ad61f333094) Importer(815301076,1909f56bfc062723c751e8b465ee728b)
Start importing Assets/Prefabs/Characters/Enemy/TT_Soldiers.prefab using Guid(5bf81c1e7c3fa764c9ad1ad61f333094) Importer(815301076,1909f56bfc062723c751e8b465ee728b)  -> (artifact id: '65ecc0f7128316d1f237bd6391e4f36f') in 0.034429 seconds 
========================================================================
Received Prepare
Registering precompiled user dll's ...
Registered in 0.003928 seconds.
Begin MonoManager ReloadAssembly
Symbol file LoadedFromMemory doesn't match image D:\Git\Space-Attack\Library\PackageCache\com.unity.visualscripting@1.6.1\Editor\VisualScripting.Core\Dependencies\YamlDotNet\Unity.VisualScripting.YamlDotNet.dll
Symbol file LoadedFromMemory doesn't match image D:\Git\Space-Attack\Library\PackageCache\com.unity.visualscripting@1.6.1\Editor\VisualScripting.Core\Dependencies\DotNetZip\Unity.VisualScripting.IonicZip.dll
Native extension for WindowsStandalone target not found
Refreshing native plugins compatible for Editor in 0.78 ms, found 1 plugins.
Preloading 0 native plugins for Editor in 0.00 ms.
Mono: successfully reloaded assembly
- Completed reload, in  1.202 seconds
Platform modules already initialized, skipping
Switching build target platform(19) subTarget(0) extendedPlatform(0) -> platform(13) subTarget(537460736) extendedPlatform(0)
Shader 'Universal Render Pipeline/Particles/Lit': fallback shader 'Universal Render Pipeline/Particles/SimpleLit' not found
Refreshing native plugins compatible for Editor in 0.75 ms, found 1 plugins.
Preloading 0 native plugins for Editor in 0.00 ms.
Unloading 3983 Unused Serialized files (Serialized files now loaded: 0)
System memory in use before: 173.3 MB.
System memory in use after: 173.6 MB.

Unloading 9 unused Assets to reduce memory usage. Loaded Objects now: 4597.
Total: 2.866500 ms (FindLiveObjects: 0.376000 ms CreateObjectMapping: 0.127300 ms MarkObjects: 2.337800 ms  DeleteObjects: 0.024000 ms)

AssetImportParameters requested are different than current active one (requested -> active):
  custom:graphics/normal-map-encoding: 01000000000000000000000000000000 -> 02000000000000000000000000000000
========================================================================
Received Import Request.
  Time since last request: 24.930920 seconds.
  path: Assets/Prefabs/Characters/Plyer/Player.prefab
  artifactKey: Guid(480e302232f92a741bee8a2ff0d160d5) Importer(815301076,1909f56bfc062723c751e8b465ee728b)
Start importing Assets/Prefabs/Characters/Plyer/Player.prefab using Guid(480e302232f92a741bee8a2ff0d160d5) Importer(815301076,1909f56bfc062723c751e8b465ee728b)  -> (artifact id: 'a3bd466c18bbba102d12ac749a6fbc67') in 0.201551 seconds 
========================================================================
Received Import Request.
  Time since last request: 12.098330 seconds.
  path: Assets/Prefabs/Characters/Plyer/Player.prefab
  artifactKey: Guid(480e302232f92a741bee8a2ff0d160d5) Importer(815301076,1909f56bfc062723c751e8b465ee728b)
Start importing Assets/Prefabs/Characters/Plyer/Player.prefab using Guid(480e302232f92a741bee8a2ff0d160d5) Importer(815301076,1909f56bfc062723c751e8b465ee728b)  -> (artifact id: '7463239fff6d5a286c5e84cfac9bc84a') in 0.018598 seconds 
========================================================================
Received Import Request.
  Time since last request: 18.430112 seconds.
  path: Assets/Prefabs/ParticalFX/Laser.prefab
  artifactKey: Guid(4d98afd7b1ecc93488746e368dd35938) Importer(815301076,1909f56bfc062723c751e8b465ee728b)
Start importing Assets/Prefabs/ParticalFX/Laser.prefab using Guid(4d98afd7b1ecc93488746e368dd35938) Importer(815301076,1909f56bfc062723c751e8b465ee728b)  -> (artifact id: 'ed42f942ccc86a6bab112e95c0c51226') in 0.006011 seconds 
========================================================================
Received Prepare
Registering precompiled user dll's ...
Registered in 0.003484 seconds.
Begin MonoManager ReloadAssembly
Symbol file LoadedFromMemory doesn't match image D:\Git\Space-Attack\Library\PackageCache\com.unity.visualscripting@1.6.1\Editor\VisualScripting.Core\Dependencies\YamlDotNet\Unity.VisualScripting.YamlDotNet.dll
Symbol file LoadedFromMemory doesn't match image D:\Git\Space-Attack\Library\PackageCache\com.unity.visualscripting@1.6.1\Editor\VisualScripting.Core\Dependencies\DotNetZip\Unity.VisualScripting.IonicZip.dll
Native extension for WindowsStandalone target not found
Refreshing native plugins compatible for Editor in 1.08 ms, found 1 plugins.
Preloading 0 native plugins for Editor in 0.00 ms.
Mono: successfully reloaded assembly
- Completed reload, in  1.192 seconds
Platform modules already initialized, skipping
Switching build target platform(19) subTarget(0) extendedPlatform(0) -> platform(13) subTarget(537460736) extendedPlatform(0)
Shader 'Universal Render Pipeline/Particles/Lit': fallback shader 'Universal Render Pipeline/Particles/SimpleLit' not found
Refreshing native plugins compatible for Editor in 0.71 ms, found 1 plugins.
Preloading 0 native plugins for Editor in 0.00 ms.
Unloading 3983 Unused Serialized files (Serialized files now loaded: 0)
System memory in use before: 173.6 MB.
System memory in use after: 173.8 MB.

Unloading 8 unused Assets to reduce memory usage. Loaded Objects now: 4635.
Total: 3.122000 ms (FindLiveObjects: 0.378900 ms CreateObjectMapping: 0.108100 ms MarkObjects: 2.616800 ms  DeleteObjects: 0.016400 ms)

AssetImportParameters requested are different than current active one (requested -> active):
  custom:graphics/normal-map-encoding: 01000000000000000000000000000000 -> 02000000000000000000000000000000
========================================================================
Received Import Request.
  Time since last request: 211.721072 seconds.
  path: Assets/Prefabs/Characters/Enemy/TT_Soldiers.prefab
  artifactKey: Guid(5bf81c1e7c3fa764c9ad1ad61f333094) Importer(815301076,1909f56bfc062723c751e8b465ee728b)
Start importing Assets/Prefabs/Characters/Enemy/TT_Soldiers.prefab using Guid(5bf81c1e7c3fa764c9ad1ad61f333094) Importer(815301076,1909f56bfc062723c751e8b465ee728b)  -> (artifact id: 'e9f4ede036f1d5449246c6beeb89ace0') in 0.225318 seconds 
========================================================================
Received Prepare
Registering precompiled user dll's ...
Registered in 0.003459 seconds.
Begin MonoManager ReloadAssembly
Symbol file LoadedFromMemory doesn't match image D:\Git\Space-Attack\Library\PackageCache\com.unity.visualscripting@1.6.1\Editor\VisualScripting.Core\Dependencies\YamlDotNet\Unity.VisualScripting.YamlDotNet.dll
Symbol file LoadedFromMemory doesn't match image D:\Git\Space-Attack\Library\PackageCache\com.unity.visualscripting@1.6.1\Editor\VisualScripting.Core\Dependencies\DotNetZip\Unity.VisualScripting.IonicZip.dll
Native extension for WindowsStandalone target not found
Refreshing native plugins compatible for Editor in 0.81 ms, found 1 plugins.
Preloading 0 native plugins for Editor in 0.00 ms.
Mono: successfully reloaded assembly
- Completed reload, in  1.206 seconds
Platform modules already initialized, skipping
Switching build target platform(19) subTarget(0) extendedPlatform(0) -> platform(13) subTarget(537460736) extendedPlatform(0)
Shader 'Universal Render Pipeline/Particles/Lit': fallback shader 'Universal Render Pipeline/Particles/SimpleLit' not found
Refreshing native plugins compatible for Editor in 0.77 ms, found 1 plugins.
Preloading 0 native plugins for Editor in 0.00 ms.
Unloading 3983 Unused Serialized files (Serialized files now loaded: 0)
System memory in use before: 173.6 MB.
System memory in use after: 173.9 MB.

Unloading 8 unused Assets to reduce memory usage. Loaded Objects now: 4673.
Total: 3.528300 ms (FindLiveObjects: 0.365900 ms CreateObjectMapping: 0.104100 ms MarkObjects: 3.039400 ms  DeleteObjects: 0.017500 ms)

AssetImportParameters requested are different than current active one (requested -> active):
  custom:graphics/normal-map-encoding: 01000000000000000000000000000000 -> 02000000000000000000000000000000
========================================================================
Received Import Request.
  Time since last request: 112.628272 seconds.
  path: Assets/Prefabs/Characters/Enemy/TT_Soldiers.prefab
  artifactKey: Guid(5bf81c1e7c3fa764c9ad1ad61f333094) Importer(815301076,1909f56bfc062723c751e8b465ee728b)
Start importing Assets/Prefabs/Characters/Enemy/TT_Soldiers.prefab using Guid(5bf81c1e7c3fa764c9ad1ad61f333094) Importer(815301076,1909f56bfc062723c751e8b465ee728b)  -> (artifact id: 'aaf4f20374431f6c589e87b3b6c1eba9') in 0.228441 seconds 
========================================================================
Received Prepare
Registering precompiled user dll's ...
Registered in 0.003498 seconds.
Begin MonoManager ReloadAssembly
Symbol file LoadedFromMemory doesn't match image D:\Git\Space-Attack\Library\PackageCache\com.unity.visualscripting@1.6.1\Editor\VisualScripting.Core\Dependencies\YamlDotNet\Unity.VisualScripting.YamlDotNet.dll
Symbol file LoadedFromMemory doesn't match image D:\Git\Space-Attack\Library\PackageCache\com.unity.visualscripting@1.6.1\Editor\VisualScripting.Core\Dependencies\DotNetZip\Unity.VisualScripting.IonicZip.dll
Native extension for WindowsStandalone target not found
Refreshing native plugins compatible for Editor in 0.82 ms, found 1 plugins.
Preloading 0 native plugins for Editor in 0.00 ms.
Mono: successfully reloaded assembly
- Completed reload, in  1.295 seconds
Platform modules already initialized, skipping
Switching build target platform(19) subTarget(0) extendedPlatform(0) -> platform(13) subTarget(537460736) extendedPlatform(0)
Shader 'Universal Render Pipeline/Particles/Lit': fallback shader 'Universal Render Pipeline/Particles/SimpleLit' not found
Refreshing native plugins compatible for Editor in 0.76 ms, found 1 plugins.
Preloading 0 native plugins for Editor in 0.00 ms.
Unloading 3983 Unused Serialized files (Serialized files now loaded: 0)
System memory in use before: 173.8 MB.
System memory in use after: 174.0 MB.

Unloading 8 unused Assets to reduce memory usage. Loaded Objects now: 4711.
Total: 3.094500 ms (FindLiveObjects: 0.353000 ms CreateObjectMapping: 0.105600 ms MarkObjects: 2.617500 ms  DeleteObjects: 0.016900 ms)

AssetImportParameters requested are different than current active one (requested -> active):
  custom:graphics/normal-map-encoding: 01000000000000000000000000000000 -> 02000000000000000000000000000000
========================================================================
Received Import Request.
  Time since last request: 190.295701 seconds.
  path: Assets/Prefabs/Characters/Plyer/Player.prefab
  artifactKey: Guid(480e302232f92a741bee8a2ff0d160d5) Importer(815301076,1909f56bfc062723c751e8b465ee728b)
Start importing Assets/Prefabs/Characters/Plyer/Player.prefab using Guid(480e302232f92a741bee8a2ff0d160d5) Importer(815301076,1909f56bfc062723c751e8b465ee728b)  -> (artifact id: '7f57aad7eba7f39b88521aeb91dc183e') in 0.213827 seconds 
========================================================================
Received Import Request.
  Time since last request: 25.004868 seconds.
  path: Assets/Prefabs/ParticalFX/Laser.prefab
  artifactKey: Guid(4d98afd7b1ecc93488746e368dd35938) Importer(815301076,1909f56bfc062723c751e8b465ee728b)
Start importing Assets/Prefabs/ParticalFX/Laser.prefab using Guid(4d98afd7b1ecc93488746e368dd35938) Importer(815301076,1909f56bfc062723c751e8b465ee728b)  -> (artifact id: 'ed9955dcfcb7f43c08a70eedbf21f70a') in 0.006603 seconds 
========================================================================
Received Import Request.
  Time since last request: 19.004185 seconds.
  path: Assets/Prefabs/ParticalFX/Laser.prefab
  artifactKey: Guid(4d98afd7b1ecc93488746e368dd35938) Importer(815301076,1909f56bfc062723c751e8b465ee728b)
Start importing Assets/Prefabs/ParticalFX/Laser.prefab using Guid(4d98afd7b1ecc93488746e368dd35938) Importer(815301076,1909f56bfc062723c751e8b465ee728b)  -> (artifact id: '6a9c7e351518473bd5ead41f0fb93550') in 0.006708 seconds 
========================================================================
Received Import Request.
  Time since last request: 2.681364 seconds.
  path: Assets/Prefabs/ParticalFX/Laser.prefab
  artifactKey: Guid(4d98afd7b1ecc93488746e368dd35938) Importer(815301076,1909f56bfc062723c751e8b465ee728b)
Start importing Assets/Prefabs/ParticalFX/Laser.prefab using Guid(4d98afd7b1ecc93488746e368dd35938) Importer(815301076,1909f56bfc062723c751e8b465ee728b)  -> (artifact id: 'f5c4e0482740ffe90a23dac8a853140c') in 0.006144 seconds 
========================================================================
Received Import Request.
  Time since last request: 38.400525 seconds.
  path: Assets/Prefabs/ParticalFX/Laser.prefab
  artifactKey: Guid(4d98afd7b1ecc93488746e368dd35938) Importer(815301076,1909f56bfc062723c751e8b465ee728b)
Start importing Assets/Prefabs/ParticalFX/Laser.prefab using Guid(4d98afd7b1ecc93488746e368dd35938) Importer(815301076,1909f56bfc062723c751e8b465ee728b)  -> (artifact id: 'b4336220391743fe7cd79896a398376a') in 0.006427 seconds 
========================================================================
Received Import Request.
  Time since last request: 2.204594 seconds.
  path: Assets/Prefabs/ParticalFX/Laser.prefab
  artifactKey: Guid(4d98afd7b1ecc93488746e368dd35938) Importer(815301076,1909f56bfc062723c751e8b465ee728b)
Start importing Assets/Prefabs/ParticalFX/Laser.prefab using Guid(4d98afd7b1ecc93488746e368dd35938) Importer(815301076,1909f56bfc062723c751e8b465ee728b)  -> (artifact id: 'd1249e576219b1f19c2fc5388200153d') in 0.005939 seconds 
========================================================================
Received Import Request.
  Time since last request: 1.422325 seconds.
  path: Assets/Prefabs/ParticalFX/Laser.prefab
  artifactKey: Guid(4d98afd7b1ecc93488746e368dd35938) Importer(815301076,1909f56bfc062723c751e8b465ee728b)
Start importing Assets/Prefabs/ParticalFX/Laser.prefab using Guid(4d98afd7b1ecc93488746e368dd35938) Importer(815301076,1909f56bfc062723c751e8b465ee728b)  -> (artifact id: 'ea50f61c47bfafe21c6dd5327089cb12') in 0.006083 seconds 
========================================================================
Received Import Request.
  Time since last request: 11.898544 seconds.
  path: Assets/Prefabs/ParticalFX/Laser.prefab
  artifactKey: Guid(4d98afd7b1ecc93488746e368dd35938) Importer(815301076,1909f56bfc062723c751e8b465ee728b)
Start importing Assets/Prefabs/ParticalFX/Laser.prefab using Guid(4d98afd7b1ecc93488746e368dd35938) Importer(815301076,1909f56bfc062723c751e8b465ee728b)  -> (artifact id: '6dd5b77a567b59380b726d830f677bcd') in 0.006076 seconds 
========================================================================
Received Import Request.
  Time since last request: 22.113607 seconds.
  path: Assets/Prefabs/ParticalFX/Laser.prefab
  artifactKey: Guid(4d98afd7b1ecc93488746e368dd35938) Importer(815301076,1909f56bfc062723c751e8b465ee728b)
Start importing Assets/Prefabs/ParticalFX/Laser.prefab using Guid(4d98afd7b1ecc93488746e368dd35938) Importer(815301076,1909f56bfc062723c751e8b465ee728b)  -> (artifact id: '98946033c62ac70747cac41f869000f6') in 0.006619 seconds 
========================================================================
Received Import Request.
  Time since last request: 4.716844 seconds.
  path: Assets/Prefabs/ParticalFX/Laser.prefab
  artifactKey: Guid(4d98afd7b1ecc93488746e368dd35938) Importer(815301076,1909f56bfc062723c751e8b465ee728b)
Start importing Assets/Prefabs/ParticalFX/Laser.prefab using Guid(4d98afd7b1ecc93488746e368dd35938) Importer(815301076,1909f56bfc062723c751e8b465ee728b)  -> (artifact id: '5629678eca38102cb8c82679ab38eec8') in 0.006278 seconds 
========================================================================
Received Import Request.
  Time since last request: 13.562940 seconds.
  path: Assets/Prefabs/ParticalFX/Laser.prefab
  artifactKey: Guid(4d98afd7b1ecc93488746e368dd35938) Importer(815301076,1909f56bfc062723c751e8b465ee728b)
Start importing Assets/Prefabs/ParticalFX/Laser.prefab using Guid(4d98afd7b1ecc93488746e368dd35938) Importer(815301076,1909f56bfc062723c751e8b465ee728b)  -> (artifact id: 'aec59d6c23efac032069c82f80554940') in 0.006283 seconds 
========================================================================
Received Import Request.
  Time since last request: 16.797525 seconds.
  path: Assets/Prefabs/ParticalFX/Laser.prefab
  artifactKey: Guid(4d98afd7b1ecc93488746e368dd35938) Importer(815301076,1909f56bfc062723c751e8b465ee728b)
Start importing Assets/Prefabs/ParticalFX/Laser.prefab using Guid(4d98afd7b1ecc93488746e368dd35938) Importer(815301076,1909f56bfc062723c751e8b465ee728b)  -> (artifact id: 'e97952957e169a6cdb2421b1847e1099') in 0.006779 seconds 
AssetImportWorkerClient::OnTransportError - code=2 error=End of file
