Using pre-set license
Built from '2021.1/staging' branch; Version is '2021.1.7f1 (d91830b65d9b) revision 14227504'; Using compiler version '192528614'; Build Type 'Release'
OS: 'Windows 10 Pro; OS build 19043.1288; Version 2009; 64bit' Language: 'ru' Physical Memory: 16332 MB
BatchMode: 1, IsHumanControllingUs: 0, StartBugReporterOnCrash: 0, Is64bit: 1, IsPro: 0

 COMMAND LINE ARGUMENTS:
G:\1\2021.1.7f1\Editor\Unity.exe
-adb2
-batchMode
-noUpm
-name
AssetImportWorker1
-projectPath
D:/Git/Space-Attack
-logFile
Logs/AssetImportWorker1.log
-srvPort
60376
Successfully changed project path to: D:/Git/Space-Attack
D:/Git/Space-Attack
Using Asset Import Pipeline V2.
Refreshing native plugins compatible for Editor in 222.76 ms, found 1 plugins.
Preloading 0 native plugins for Editor in 0.00 ms.
Initialize engine version: 2021.1.7f1 (d91830b65d9b)
[Subsystems] Discovering subsystems at path G:/1/2021.1.7f1/Editor/Data/Resources/UnitySubsystems
[Subsystems] Discovering subsystems at path D:/Git/Space-Attack/Assets
GfxDevice: creating device client; threaded=0; jobified=0
Direct3D:
    Version:  Direct3D 11.0 [level 11.1]
    Renderer: Radeon RX 570 Series (ID=0x67df)
    Vendor:   ATI
    VRAM:     8171 MB
    Driver:   27.20.12029.1000
Shader 'Universal Render Pipeline/Particles/Lit': fallback shader 'Universal Render Pipeline/Particles/SimpleLit' not found
Initialize mono
Mono path[0] = 'G:/1/2021.1.7f1/Editor/Data/Managed'
Mono path[1] = 'G:/1/2021.1.7f1/Editor/Data/MonoBleedingEdge/lib/mono/unityjit'
Mono config path = 'G:/1/2021.1.7f1/Editor/Data/MonoBleedingEdge/etc'
Using monoOptions --debugger-agent=transport=dt_socket,embedding=1,server=y,suspend=n,address=127.0.0.1:56536
Begin MonoManager ReloadAssembly
Registering precompiled unity dll's ...
Register platform support module: G:/1/2021.1.7f1/Editor/Data/PlaybackEngines/WindowsStandaloneSupport/UnityEditor.WindowsStandalone.Extensions.dll
Registered in 0.003045 seconds.
Native extension for WindowsStandalone target not found
Refreshing native plugins compatible for Editor in 159.37 ms, found 1 plugins.
Preloading 0 native plugins for Editor in 0.00 ms.
Mono: successfully reloaded assembly
- Completed reload, in  2.481 seconds
Platform modules already initialized, skipping
Registering precompiled user dll's ...
Registered in 0.012392 seconds.
Begin MonoManager ReloadAssembly
Symbol file LoadedFromMemory doesn't match image D:\Git\Space-Attack\Library\PackageCache\com.unity.visualscripting@1.6.1\Editor\VisualScripting.Core\Dependencies\DotNetZip\Unity.VisualScripting.IonicZip.dll
Symbol file LoadedFromMemory doesn't match image D:\Git\Space-Attack\Library\PackageCache\com.unity.visualscripting@1.6.1\Editor\VisualScripting.Core\Dependencies\YamlDotNet\Unity.VisualScripting.YamlDotNet.dll
Native extension for WindowsStandalone target not found
Refreshing native plugins compatible for Editor in 192.04 ms, found 1 plugins.
Preloading 0 native plugins for Editor in 0.00 ms.
Mono: successfully reloaded assembly
- Completed reload, in  2.975 seconds
Platform modules already initialized, skipping
========================================================================
Worker process is ready to serve import requests
Shader 'Universal Render Pipeline/Particles/Lit': fallback shader 'Universal Render Pipeline/Particles/SimpleLit' not found
Launched and connected shader compiler UnityShaderCompiler.exe after 0.05 seconds
Refreshing native plugins compatible for Editor in 1.86 ms, found 1 plugins.
Preloading 0 native plugins for Editor in 0.00 ms.
Unloading 4224 Unused Serialized files (Serialized files now loaded: 0)
System memory in use before: 248.8 MB.
System memory in use after: 249.0 MB.

Unloading 134 unused Assets to reduce memory usage. Loaded Objects now: 4622.
Total: 3.774200 ms (FindLiveObjects: 0.418800 ms CreateObjectMapping: 0.116800 ms MarkObjects: 3.114100 ms  DeleteObjects: 0.123500 ms)

========================================================================
Received Import Request.
  path: ProjectSettings/TagManager.asset
  artifactKey: Guid(00000000000000003000000000000000) Importer(815301076,1909f56bfc062723c751e8b465ee728b)
Start importing ProjectSettings/TagManager.asset using Guid(00000000000000003000000000000000) Importer(815301076,1909f56bfc062723c751e8b465ee728b)  -> (artifact id: 'e9c31c2127b67969700bd89d907e1b30') in 0.035896 seconds 
========================================================================
Received Prepare
Shader 'Universal Render Pipeline/Particles/Lit': fallback shader 'Universal Render Pipeline/Particles/SimpleLit' not found
Refreshing native plugins compatible for Editor in 41.25 ms, found 1 plugins.
Preloading 0 native plugins for Editor in 0.00 ms.
Unloading 127 Unused Serialized files (Serialized files now loaded: 0)
System memory in use before: 162.4 MB.
System memory in use after: 162.6 MB.

Unloading 128 unused Assets to reduce memory usage. Loaded Objects now: 4622.
Total: 4.073900 ms (FindLiveObjects: 0.369000 ms CreateObjectMapping: 0.112500 ms MarkObjects: 3.523500 ms  DeleteObjects: 0.067700 ms)

========================================================================
Received Import Request.
  Time since last request: 120.356831 seconds.
  path: Assets/Resources/3D Toon Lasers/Demo scene
  artifactKey: Guid(1448072bbe4bcc74295eefa0027c8f7c) Importer(815301076,1909f56bfc062723c751e8b465ee728b)
Start importing Assets/Resources/3D Toon Lasers/Demo scene using Guid(1448072bbe4bcc74295eefa0027c8f7c) Importer(815301076,1909f56bfc062723c751e8b465ee728b)  -> (artifact id: '2ee4860a47fbf1b2d70351c0692e793e') in 0.003159 seconds 
========================================================================
Received Prepare
Registering precompiled user dll's ...
Registered in 0.012261 seconds.
Begin MonoManager ReloadAssembly
Symbol file LoadedFromMemory doesn't match image D:\Git\Space-Attack\Library\PackageCache\com.unity.visualscripting@1.6.1\Editor\VisualScripting.Core\Dependencies\DotNetZip\Unity.VisualScripting.IonicZip.dll
Symbol file LoadedFromMemory doesn't match image D:\Git\Space-Attack\Library\PackageCache\com.unity.visualscripting@1.6.1\Editor\VisualScripting.Core\Dependencies\YamlDotNet\Unity.VisualScripting.YamlDotNet.dll
Native extension for WindowsStandalone target not found
Refreshing native plugins compatible for Editor in 1.88 ms, found 1 plugins.
Preloading 0 native plugins for Editor in 0.00 ms.
[ScriptCompilation] NOT recompiling all scripts because this is an import worker process. Reason to compile was: Define symbols changed
Mono: successfully reloaded assembly
- Completed reload, in  2.303 seconds
Platform modules already initialized, skipping
Switching build target platform(19) subTarget(0) extendedPlatform(0) -> platform(13) subTarget(537395200) extendedPlatform(0)
Shader 'Universal Render Pipeline/Particles/Lit': fallback shader 'Universal Render Pipeline/Particles/SimpleLit' not found
Refreshing native plugins compatible for Editor in 1.92 ms, found 1 plugins.
Preloading 0 native plugins for Editor in 0.00 ms.
Unloading 4277 Unused Serialized files (Serialized files now loaded: 0)
System memory in use before: 249.0 MB.
System memory in use after: 247.2 MB.

Unloading 156 unused Assets to reduce memory usage. Loaded Objects now: 4717.
Total: 3.167700 ms (FindLiveObjects: 0.363000 ms CreateObjectMapping: 0.109500 ms MarkObjects: 2.095400 ms  DeleteObjects: 0.598900 ms)

AssetImportParameters requested are different than current active one (requested -> active):
  custom:graphics/normal-map-encoding: 01000000000000000000000000000000 -> 02000000000000000000000000000000
========================================================================
Received Import Request.
  Time since last request: 722.006901 seconds.
  path: Assets/Resources/3D Toon Lasers/Demo scene/Demo toon Lasers_Profiles/postPr Profile.asset
  artifactKey: Guid(b2ec590ad141d91448d08c56ab758f9d) Importer(815301076,1909f56bfc062723c751e8b465ee728b)
Start importing Assets/Resources/3D Toon Lasers/Demo scene/Demo toon Lasers_Profiles/postPr Profile.asset using Guid(b2ec590ad141d91448d08c56ab758f9d) Importer(815301076,1909f56bfc062723c751e8b465ee728b)  -> (artifact id: '1d1e0916a2225abc89f9f95310f94952') in 0.030762 seconds 
========================================================================
Received Prepare
Registering precompiled user dll's ...
Registered in 0.011206 seconds.
Begin MonoManager ReloadAssembly
Symbol file LoadedFromMemory doesn't match image D:\Git\Space-Attack\Library\PackageCache\com.unity.visualscripting@1.6.1\Editor\VisualScripting.Core\Dependencies\DotNetZip\Unity.VisualScripting.IonicZip.dll
Symbol file LoadedFromMemory doesn't match image D:\Git\Space-Attack\Library\PackageCache\com.unity.visualscripting@1.6.1\Editor\VisualScripting.Core\Dependencies\YamlDotNet\Unity.VisualScripting.YamlDotNet.dll
Native extension for WindowsStandalone target not found
Refreshing native plugins compatible for Editor in 1.92 ms, found 1 plugins.
Preloading 0 native plugins for Editor in 0.00 ms.
Mono: successfully reloaded assembly
- Completed reload, in  2.259 seconds
Platform modules already initialized, skipping
Switching build target platform(19) subTarget(0) extendedPlatform(0) -> platform(13) subTarget(537395200) extendedPlatform(0)
Shader 'Universal Render Pipeline/Particles/Lit': fallback shader 'Universal Render Pipeline/Particles/SimpleLit' not found
Refreshing native plugins compatible for Editor in 1.94 ms, found 1 plugins.
Preloading 0 native plugins for Editor in 0.00 ms.
Unloading 4277 Unused Serialized files (Serialized files now loaded: 0)
System memory in use before: 249.7 MB.
System memory in use after: 247.9 MB.

Unloading 156 unused Assets to reduce memory usage. Loaded Objects now: 4719.
Total: 3.718300 ms (FindLiveObjects: 0.344100 ms CreateObjectMapping: 0.108200 ms MarkObjects: 2.631300 ms  DeleteObjects: 0.633300 ms)

AssetImportParameters requested are different than current active one (requested -> active):
  custom:graphics/normal-map-encoding: 01000000000000000000000000000000 -> 02000000000000000000000000000000
========================================================================
Received Import Request.
  Time since last request: 58.751293 seconds.
  path: Assets/Resources/3D Toon Lasers/Demo scene/Demo toon Lasers_Profiles/postPr Profile.asset
  artifactKey: Guid(b2ec590ad141d91448d08c56ab758f9d) Importer(815301076,1909f56bfc062723c751e8b465ee728b)
Start importing Assets/Resources/3D Toon Lasers/Demo scene/Demo toon Lasers_Profiles/postPr Profile.asset using Guid(b2ec590ad141d91448d08c56ab758f9d) Importer(815301076,1909f56bfc062723c751e8b465ee728b)  -> (artifact id: '6c909f03c1e4ce9c2c0a654b25cb9892') in 0.030253 seconds 
========================================================================
Received Prepare
Registering precompiled user dll's ...
Registered in 0.010688 seconds.
Begin MonoManager ReloadAssembly
Symbol file LoadedFromMemory doesn't match image D:\Git\Space-Attack\Library\PackageCache\com.unity.visualscripting@1.6.1\Editor\VisualScripting.Core\Dependencies\DotNetZip\Unity.VisualScripting.IonicZip.dll
Symbol file LoadedFromMemory doesn't match image D:\Git\Space-Attack\Library\PackageCache\com.unity.visualscripting@1.6.1\Editor\VisualScripting.Core\Dependencies\YamlDotNet\Unity.VisualScripting.YamlDotNet.dll
Native extension for WindowsStandalone target not found
Refreshing native plugins compatible for Editor in 1.89 ms, found 1 plugins.
Preloading 0 native plugins for Editor in 0.00 ms.
Mono: successfully reloaded assembly
- Completed reload, in  2.281 seconds
Platform modules already initialized, skipping
Switching build target platform(19) subTarget(0) extendedPlatform(0) -> platform(13) subTarget(537395200) extendedPlatform(0)
Shader 'Universal Render Pipeline/Particles/Lit': fallback shader 'Universal Render Pipeline/Particles/SimpleLit' not found
Refreshing native plugins compatible for Editor in 2.05 ms, found 1 plugins.
Preloading 0 native plugins for Editor in 0.00 ms.
Unloading 4277 Unused Serialized files (Serialized files now loaded: 0)
System memory in use before: 249.9 MB.
System memory in use after: 248.1 MB.

Unloading 156 unused Assets to reduce memory usage. Loaded Objects now: 4721.
Total: 3.321600 ms (FindLiveObjects: 0.341600 ms CreateObjectMapping: 0.108200 ms MarkObjects: 2.160500 ms  DeleteObjects: 0.709600 ms)

AssetImportParameters requested are different than current active one (requested -> active):
  custom:graphics/normal-map-encoding: 01000000000000000000000000000000 -> 02000000000000000000000000000000
========================================================================
Received Import Request.
  Time since last request: 928.885674 seconds.
  path: Assets/Resources/3D Toon Lasers/Demo scene/Demo toon Lasers_Profiles/postPr Profile.asset
  artifactKey: Guid(b2ec590ad141d91448d08c56ab758f9d) Importer(815301076,1909f56bfc062723c751e8b465ee728b)
Start importing Assets/Resources/3D Toon Lasers/Demo scene/Demo toon Lasers_Profiles/postPr Profile.asset using Guid(b2ec590ad141d91448d08c56ab758f9d) Importer(815301076,1909f56bfc062723c751e8b465ee728b)  -> (artifact id: 'b3b0d31f3085f24f14033299ac197975') in 0.038283 seconds 
========================================================================
Received Import Request.
  Time since last request: 11.637646 seconds.
  path: Assets/Resources/3D Toon Lasers/Demo scene/Demo toon Lasers_Profiles/postPr Profile.asset
  artifactKey: Guid(b2ec590ad141d91448d08c56ab758f9d) Importer(815301076,1909f56bfc062723c751e8b465ee728b)
Start importing Assets/Resources/3D Toon Lasers/Demo scene/Demo toon Lasers_Profiles/postPr Profile.asset using Guid(b2ec590ad141d91448d08c56ab758f9d) Importer(815301076,1909f56bfc062723c751e8b465ee728b)  -> (artifact id: '239325a7b8776125831c1d4bd51c7928') in 0.003982 seconds 
========================================================================
Received Import Request.
  Time since last request: 1.963044 seconds.
  path: Assets/Resources/3D Toon Lasers/Demo scene/Demo toon Lasers_Profiles/postPr Profile.asset
  artifactKey: Guid(b2ec590ad141d91448d08c56ab758f9d) Importer(815301076,1909f56bfc062723c751e8b465ee728b)
Start importing Assets/Resources/3D Toon Lasers/Demo scene/Demo toon Lasers_Profiles/postPr Profile.asset using Guid(b2ec590ad141d91448d08c56ab758f9d) Importer(815301076,1909f56bfc062723c751e8b465ee728b)  -> (artifact id: 'dbcffc3fe95c2239e0ba87320088c950') in 0.003448 seconds 
========================================================================
Received Import Request.
  Time since last request: 152.757699 seconds.
  path: Assets/Scenes/LVL1.unity
  artifactKey: Guid(dbae7d6ce16a0614baf9d81f88b567d7) Importer(815301076,1909f56bfc062723c751e8b465ee728b)
Start importing Assets/Scenes/LVL1.unity using Guid(dbae7d6ce16a0614baf9d81f88b567d7) Importer(815301076,1909f56bfc062723c751e8b465ee728b)  -> (artifact id: '349e208b147c328c20c69cc9d10730a8') in 0.003665 seconds 
========================================================================
Received Import Request.
  Time since last request: 134.416057 seconds.
  path: ProjectSettings/TagManager.asset
  artifactKey: Guid(00000000000000003000000000000000) Importer(815301076,1909f56bfc062723c751e8b465ee728b)
Start importing ProjectSettings/TagManager.asset using Guid(00000000000000003000000000000000) Importer(815301076,1909f56bfc062723c751e8b465ee728b)  -> (artifact id: '47f1dc6301184420f3ba032f4c484d4a') in 0.003591 seconds 
========================================================================
Received Prepare
Registering precompiled user dll's ...
Registered in 0.013771 seconds.
Begin MonoManager ReloadAssembly
Symbol file LoadedFromMemory doesn't match image D:\Git\Space-Attack\Library\PackageCache\com.unity.visualscripting@1.6.1\Editor\VisualScripting.Core\Dependencies\DotNetZip\Unity.VisualScripting.IonicZip.dll
Symbol file LoadedFromMemory doesn't match image D:\Git\Space-Attack\Library\PackageCache\com.unity.visualscripting@1.6.1\Editor\VisualScripting.Core\Dependencies\YamlDotNet\Unity.VisualScripting.YamlDotNet.dll
Native extension for WindowsStandalone target not found
Refreshing native plugins compatible for Editor in 1.89 ms, found 1 plugins.
Preloading 0 native plugins for Editor in 0.00 ms.
Mono: successfully reloaded assembly
- Completed reload, in  2.224 seconds
Platform modules already initialized, skipping
Switching build target platform(19) subTarget(0) extendedPlatform(0) -> platform(13) subTarget(537395200) extendedPlatform(0)
Shader 'Universal Render Pipeline/Particles/Lit': fallback shader 'Universal Render Pipeline/Particles/SimpleLit' not found
Refreshing native plugins compatible for Editor in 2.34 ms, found 1 plugins.
Preloading 0 native plugins for Editor in 0.00 ms.
Unloading 4277 Unused Serialized files (Serialized files now loaded: 0)
System memory in use before: 249.9 MB.
System memory in use after: 248.2 MB.

Unloading 157 unused Assets to reduce memory usage. Loaded Objects now: 4723.
Total: 3.564400 ms (FindLiveObjects: 0.395100 ms CreateObjectMapping: 0.114200 ms MarkObjects: 2.413300 ms  DeleteObjects: 0.640800 ms)

AssetImportParameters requested are different than current active one (requested -> active):
  custom:graphics/normal-map-encoding: 01000000000000000000000000000000 -> 02000000000000000000000000000000
========================================================================
Received Import Request.
  Time since last request: 20.788713 seconds.
  path: Assets/Resources/3D Toon Lasers/Prefabs/Laser Toon Rainbow.prefab
  artifactKey: Guid(a8c75a77f5cb95a43b8f036a637bdac8) Importer(815301076,1909f56bfc062723c751e8b465ee728b)
Start importing Assets/Resources/3D Toon Lasers/Prefabs/Laser Toon Rainbow.prefab using Guid(a8c75a77f5cb95a43b8f036a637bdac8) Importer(815301076,1909f56bfc062723c751e8b465ee728b)  -> (artifact id: 'bc691dfa10b0a3a9a5b4fd86cfe6db31') in 0.038452 seconds 
========================================================================
Received Import Request.
  Time since last request: 0.000263 seconds.
  path: Assets/Resources/3D Toon Lasers/Prefabs/Laser Toon Lightning.prefab
  artifactKey: Guid(fd915375aaf0fc84eb9c7494badb5054) Importer(815301076,1909f56bfc062723c751e8b465ee728b)
Start importing Assets/Resources/3D Toon Lasers/Prefabs/Laser Toon Lightning.prefab using Guid(fd915375aaf0fc84eb9c7494badb5054) Importer(815301076,1909f56bfc062723c751e8b465ee728b)  -> (artifact id: 'bc0774d610f7447421bfb8a34369a045') in 0.008053 seconds 
========================================================================
Received Import Request.
  Time since last request: 0.000343 seconds.
  path: Assets/Resources/3D Toon Lasers/Prefabs/Laser Toon Fire.prefab
  artifactKey: Guid(d2d89a48f26d8e24fba34789fd97784e) Importer(815301076,1909f56bfc062723c751e8b465ee728b)
Start importing Assets/Resources/3D Toon Lasers/Prefabs/Laser Toon Fire.prefab using Guid(d2d89a48f26d8e24fba34789fd97784e) Importer(815301076,1909f56bfc062723c751e8b465ee728b)  -> (artifact id: '4028618256fa1419a8a517b83cb8f242') in 0.009527 seconds 
========================================================================
Received Import Request.
  Time since last request: 0.000273 seconds.
  path: Assets/Resources/3D Toon Lasers/Prefabs/Laser Toon Magic.prefab
  artifactKey: Guid(386174cad99783149b3e5a2f29fb3a5b) Importer(815301076,1909f56bfc062723c751e8b465ee728b)
Start importing Assets/Resources/3D Toon Lasers/Prefabs/Laser Toon Magic.prefab using Guid(386174cad99783149b3e5a2f29fb3a5b) Importer(815301076,1909f56bfc062723c751e8b465ee728b)  -> (artifact id: '3a3101d6c70d425da658dea167e59936') in 0.007180 seconds 
========================================================================
Received Import Request.
  Time since last request: 0.000270 seconds.
  path: Assets/Resources/3D Toon Lasers/Prefabs/Laser Toon Smoke.prefab
  artifactKey: Guid(cab2eb44c5addb8449845ecf941aab1c) Importer(815301076,1909f56bfc062723c751e8b465ee728b)
Start importing Assets/Resources/3D Toon Lasers/Prefabs/Laser Toon Smoke.prefab using Guid(cab2eb44c5addb8449845ecf941aab1c) Importer(815301076,1909f56bfc062723c751e8b465ee728b)  -> (artifact id: '9cafd6745ba2d562cea3d9e98ed38602') in 0.006092 seconds 
========================================================================
Received Import Request.
  Time since last request: 0.000283 seconds.
  path: Assets/Resources/3D Toon Lasers/Prefabs/Laser Toon Blaster.prefab
  artifactKey: Guid(edd7286f469ea8f4b9055776dde1d063) Importer(815301076,1909f56bfc062723c751e8b465ee728b)
Start importing Assets/Resources/3D Toon Lasers/Prefabs/Laser Toon Blaster.prefab using Guid(edd7286f469ea8f4b9055776dde1d063) Importer(815301076,1909f56bfc062723c751e8b465ee728b)  -> (artifact id: '1b7c3c5d82ea7d4707a9a4ffacc128bc') in 0.007509 seconds 
========================================================================
Received Import Request.
  Time since last request: 0.000293 seconds.
  path: Assets/Resources/3D Toon Lasers/Prefabs/Laser Toon Electricity.prefab
  artifactKey: Guid(647941694c90d4d4eb132695664de652) Importer(815301076,1909f56bfc062723c751e8b465ee728b)
Start importing Assets/Resources/3D Toon Lasers/Prefabs/Laser Toon Electricity.prefab using Guid(647941694c90d4d4eb132695664de652) Importer(815301076,1909f56bfc062723c751e8b465ee728b)  -> (artifact id: '0ba7de458b6641a71fdb9cca9885bbf9') in 0.007166 seconds 
========================================================================
Received Import Request.
  Time since last request: 0.000316 seconds.
  path: Assets/Resources/3D Toon Lasers/Prefabs/Laser Toon Ray.prefab
  artifactKey: Guid(0577a394196658646a5158796e8e7451) Importer(815301076,1909f56bfc062723c751e8b465ee728b)
Start importing Assets/Resources/3D Toon Lasers/Prefabs/Laser Toon Ray.prefab using Guid(0577a394196658646a5158796e8e7451) Importer(815301076,1909f56bfc062723c751e8b465ee728b)  -> (artifact id: 'd98ca6298071d56a453c748cc52d27b3') in 0.005996 seconds 
========================================================================
Received Import Request.
  Time since last request: 0.000248 seconds.
  path: Assets/Resources/3D Toon Lasers/Prefabs/Laser Toon Blaster 1.prefab
  artifactKey: Guid(b5540a9dd9ab1b14ca0dfa54a0836e1a) Importer(815301076,1909f56bfc062723c751e8b465ee728b)
Start importing Assets/Resources/3D Toon Lasers/Prefabs/Laser Toon Blaster 1.prefab using Guid(b5540a9dd9ab1b14ca0dfa54a0836e1a) Importer(815301076,1909f56bfc062723c751e8b465ee728b)  -> (artifact id: 'b6f0515876c35125266ce5060383a209') in 0.007800 seconds 
========================================================================
Received Import Request.
  Time since last request: 0.000333 seconds.
  path: Assets/Resources/3D Toon Lasers/Prefabs/Laser Toon Water.prefab
  artifactKey: Guid(04c09de5355a3294799ae5ff8aefd976) Importer(815301076,1909f56bfc062723c751e8b465ee728b)
Start importing Assets/Resources/3D Toon Lasers/Prefabs/Laser Toon Water.prefab using Guid(04c09de5355a3294799ae5ff8aefd976) Importer(815301076,1909f56bfc062723c751e8b465ee728b)  -> (artifact id: '4ea5c39711fea557ec1df56c4c1f3d59') in 0.007805 seconds 
========================================================================
Received Import Request.
  Time since last request: 0.000294 seconds.
  path: Assets/Resources/3D Toon Lasers/Prefabs/Laser Toon StarBlaster.prefab
  artifactKey: Guid(2e5ebef4a166420479d3394af4b5d5cd) Importer(815301076,1909f56bfc062723c751e8b465ee728b)
Start importing Assets/Resources/3D Toon Lasers/Prefabs/Laser Toon StarBlaster.prefab using Guid(2e5ebef4a166420479d3394af4b5d5cd) Importer(815301076,1909f56bfc062723c751e8b465ee728b)  -> (artifact id: '815bf2ec629f0ad8ec09ac5ed4085e49') in 0.007207 seconds 
========================================================================
Received Prepare
Registering precompiled user dll's ...
Registered in 0.013768 seconds.
Begin MonoManager ReloadAssembly
Symbol file LoadedFromMemory doesn't match image D:\Git\Space-Attack\Library\PackageCache\com.unity.visualscripting@1.6.1\Editor\VisualScripting.Core\Dependencies\DotNetZip\Unity.VisualScripting.IonicZip.dll
Symbol file LoadedFromMemory doesn't match image D:\Git\Space-Attack\Library\PackageCache\com.unity.visualscripting@1.6.1\Editor\VisualScripting.Core\Dependencies\YamlDotNet\Unity.VisualScripting.YamlDotNet.dll
Native extension for WindowsStandalone target not found
Refreshing native plugins compatible for Editor in 2.14 ms, found 1 plugins.
Preloading 0 native plugins for Editor in 0.00 ms.
Mono: successfully reloaded assembly
- Completed reload, in  2.465 seconds
Platform modules already initialized, skipping
Switching build target platform(19) subTarget(0) extendedPlatform(0) -> platform(13) subTarget(537395200) extendedPlatform(0)
Shader 'Universal Render Pipeline/Particles/Lit': fallback shader 'Universal Render Pipeline/Particles/SimpleLit' not found
Refreshing native plugins compatible for Editor in 2.62 ms, found 1 plugins.
Preloading 0 native plugins for Editor in 0.00 ms.
Unloading 4277 Unused Serialized files (Serialized files now loaded: 0)
System memory in use before: 250.3 MB.
System memory in use after: 248.5 MB.

Unloading 156 unused Assets to reduce memory usage. Loaded Objects now: 4727.
Total: 4.305400 ms (FindLiveObjects: 0.380700 ms CreateObjectMapping: 0.119800 ms MarkObjects: 3.037600 ms  DeleteObjects: 0.766000 ms)

AssetImportParameters requested are different than current active one (requested -> active):
  custom:graphics/normal-map-encoding: 01000000000000000000000000000000 -> 02000000000000000000000000000000
========================================================================
Received Prepare
Registering precompiled user dll's ...
Registered in 0.012859 seconds.
Begin MonoManager ReloadAssembly
Symbol file LoadedFromMemory doesn't match image D:\Git\Space-Attack\Library\PackageCache\com.unity.visualscripting@1.6.1\Editor\VisualScripting.Core\Dependencies\DotNetZip\Unity.VisualScripting.IonicZip.dll
Symbol file LoadedFromMemory doesn't match image D:\Git\Space-Attack\Library\PackageCache\com.unity.visualscripting@1.6.1\Editor\VisualScripting.Core\Dependencies\YamlDotNet\Unity.VisualScripting.YamlDotNet.dll
Native extension for WindowsStandalone target not found
Refreshing native plugins compatible for Editor in 2.04 ms, found 1 plugins.
Preloading 0 native plugins for Editor in 0.00 ms.
Mono: successfully reloaded assembly
- Completed reload, in  2.497 seconds
Platform modules already initialized, skipping
Switching build target platform(19) subTarget(0) extendedPlatform(0) -> platform(13) subTarget(537395200) extendedPlatform(0)
Shader 'Universal Render Pipeline/Particles/Lit': fallback shader 'Universal Render Pipeline/Particles/SimpleLit' not found
Refreshing native plugins compatible for Editor in 2.06 ms, found 1 plugins.
Preloading 0 native plugins for Editor in 0.00 ms.
Unloading 4277 Unused Serialized files (Serialized files now loaded: 0)
System memory in use before: 250.3 MB.
System memory in use after: 248.6 MB.

Unloading 156 unused Assets to reduce memory usage. Loaded Objects now: 4729.
Total: 4.063500 ms (FindLiveObjects: 0.368400 ms CreateObjectMapping: 0.110000 ms MarkObjects: 2.841400 ms  DeleteObjects: 0.741100 ms)

AssetImportParameters requested are different than current active one (requested -> active):
  custom:graphics/normal-map-encoding: 01000000000000000000000000000000 -> 02000000000000000000000000000000
========================================================================
Received Prepare
Registering precompiled user dll's ...
Registered in 0.012021 seconds.
Begin MonoManager ReloadAssembly
Symbol file LoadedFromMemory doesn't match image D:\Git\Space-Attack\Library\PackageCache\com.unity.visualscripting@1.6.1\Editor\VisualScripting.Core\Dependencies\DotNetZip\Unity.VisualScripting.IonicZip.dll
Symbol file LoadedFromMemory doesn't match image D:\Git\Space-Attack\Library\PackageCache\com.unity.visualscripting@1.6.1\Editor\VisualScripting.Core\Dependencies\YamlDotNet\Unity.VisualScripting.YamlDotNet.dll
Native extension for WindowsStandalone target not found
Refreshing native plugins compatible for Editor in 2.08 ms, found 1 plugins.
Preloading 0 native plugins for Editor in 0.00 ms.
Mono: successfully reloaded assembly
- Completed reload, in  2.503 seconds
Platform modules already initialized, skipping
Switching build target platform(19) subTarget(0) extendedPlatform(0) -> platform(13) subTarget(537395200) extendedPlatform(0)
Shader 'Universal Render Pipeline/Particles/Lit': fallback shader 'Universal Render Pipeline/Particles/SimpleLit' not found
Refreshing native plugins compatible for Editor in 2.90 ms, found 1 plugins.
Preloading 0 native plugins for Editor in 0.00 ms.
Unloading 4277 Unused Serialized files (Serialized files now loaded: 0)
System memory in use before: 250.3 MB.
System memory in use after: 248.6 MB.

Unloading 156 unused Assets to reduce memory usage. Loaded Objects now: 4731.
Total: 3.697600 ms (FindLiveObjects: 0.370800 ms CreateObjectMapping: 0.126900 ms MarkObjects: 2.487400 ms  DeleteObjects: 0.710500 ms)

AssetImportParameters requested are different than current active one (requested -> active):
  custom:graphics/normal-map-encoding: 01000000000000000000000000000000 -> 02000000000000000000000000000000
AssetImportWorkerClient::OnTransportError - code=2 error=End of file
